[debug] > Exec(early(addDefaultCommands), None, None)
[debug] > Exec(addDefaultCommands, None, None)
[debug] > Exec(early(initialize), None, None)
[debug] > Exec(initialize, None, None)
[debug] > Exec(early(addPluginSbtFile="""C:\Users\Admin\AppData\Local\Temp\idea.sbt"""), None, None)
[debug] > Exec(addPluginSbtFile="""C:\Users\Admin\AppData\Local\Temp\idea.sbt""", None, None)
[debug] > Exec(boot, None, None)
[debug] > Exec(writeSbtVersion, None, None)
[debug] > Exec(reload, None, None)
[debug] > Exec(sbtStashOnFailure, None, None)
[debug] > Exec(onFailure loadFailed, None, None)
[debug] > Exec(loadp, None, None)
[info] welcome to sbt 1.11.7 (Oracle Corporation Java 1.8.0_202)
[debug] Load.defaultLoad until apply took 153.5268ms
[debug]           Load.loadUnit: plugins took 310.3834ms
[debug]           Load.loadUnit: defsScala took 0.5455ms
[debug] [Loading] Scanning directory C:\Users\Admin\workspace_scala\newmachinelearningcsvandneo\project
[debug]             Load.loadUnit: mkEval took 13.4736ms
[debug] [Loading] Found non-root projects 
[debug] [Loading] Done in C:\Users\Admin\workspace_scala\newmachinelearningcsvandneo\project, returning: ()
[debug] deducing auto plugins based on known facts Set(Atom(sbt.plugins.CorePlugin)) and clauses Clauses(Clause(Atom(sbt.plugins.JvmPlugin),Set(Atom(sbt.plugins.IvyPlugin)))
[debug] Clause(Atom(sbt.ScriptedPlugin),Set(Atom(sbt.plugins.JvmPlugin)))
[debug] Clause(Atom(sbt.plugins.SbtPlugin),Set(Atom(sbt.ScriptedPlugin)))
[debug] Clause(Atom(sbt.plugins.SemanticdbPlugin),Set(Atom(sbt.plugins.JvmPlugin)))
[debug] Clause(Atom(sbt.plugins.JUnitXmlReportPlugin),Set(Atom(sbt.plugins.JvmPlugin)))
[debug] Clause(Atom(sbt.plugins.MiniDependencyTreePlugin),Set(Atom(sbt.plugins.JvmPlugin)))
[debug] Clause(Atom(sbt.plugins.CorePlugin),Set(Atom(sbt.plugins.IvyPlugin)))
[debug] Clause(Atom(sbt.plugins.IvyPlugin),Set(Atom(sbt.plugins.JvmPlugin)))
[debug] Clause(Atom(sbt.plugins.JvmPlugin),Set(Atom(sbt.plugins.SemanticdbPlugin)))
[debug] Clause(Atom(sbt.plugins.JvmPlugin),Set(Atom(sbt.plugins.JUnitXmlReportPlugin)))
[debug] Clause(Atom(sbt.plugins.CorePlugin),Set(Atom(sbt.plugins.Giter8TemplatePlugin)))
[debug] Clause(Atom(sbt.plugins.JvmPlugin),Set(Atom(sbt.plugins.MiniDependencyTreePlugin))))
[debug]   :: deduced result: Matched(sbt.plugins.CorePlugin,sbt.plugins.Giter8TemplatePlugin,sbt.plugins.IvyPlugin,sbt.plugins.JvmPlugin,sbt.plugins.MiniDependencyTreePlugin,sbt.plugins.JUnitXmlReportPlugin,sbt.plugins.SemanticdbPlugin)
[debug] Plugins.deducer#function took 31.1247 ms
[info] loading settings for project newmachinelearningcsvandneo-build from idea.sbt...
[debug]               Load.resolveProject(newmachinelearningcsvandneo-build) took 50.9842ms
[debug]             Load.loadTransitive: finalizeProject(Project(id newmachinelearningcsvandneo-build, base: C:\Users\Admin\workspace_scala\newmachinelearningcsvandneo\project, plugins: List(<none>))) took 94.8958ms
[debug] [Loading] Done in C:\Users\Admin\workspace_scala\newmachinelearningcsvandneo\project, returning: (newmachinelearningcsvandneo-build)
[debug]           Load.loadUnit: loadedProjectsRaw took 4061.405ms
[debug]           Load.loadUnit: cleanEvalClasses took 8.0841ms
[debug]         Load.loadUnit(file:/C:/Users/Admin/workspace_scala/newmachinelearningcsvandneo/project/, ...) took 4387.5767ms
[debug]       Load.apply: load took 4519.1395ms
[debug]       Load.apply: resolveProjects took 6.3142ms
[debug]       Load.apply: finalTransforms took 59.2299ms
[debug]       Load.apply: config.delegates took 5.8864ms
[debug]       Load.apply: Def.make(settings)... took 473.4347ms
[debug]       Load.apply: structureIndex took 136.0662ms
[debug]       Load.apply: mkStreams took 2.4651ms
[info] loading project definition from C:\Users\Admin\workspace_scala\newmachinelearningcsvandneo\project
[debug] Running task... Cancel: Signal, check cycles: false, forcegc: true
[debug]     Load.loadUnit: plugins took 7663.6015ms
[debug]     Load.loadUnit: defsScala took 0.0048ms
[debug] [Loading] Scanning directory C:\Users\Admin\workspace_scala\newmachinelearningcsvandneo
[debug]       Load.loadUnit: mkEval took 0.5468ms
[debug] [Loading] Found root project root w/ remaining 
[debug] deducing auto plugins based on known facts Set(Atom(sbt.plugins.CorePlugin)) and clauses Clauses(Clause(Atom(sbt.plugins.JvmPlugin),Set(Atom(sbt.plugins.IvyPlugin)))
[debug] Clause(Atom(sbt.ScriptedPlugin),Set(Atom(sbt.plugins.JvmPlugin)))
[debug] Clause(Atom(sbt.plugins.SbtPlugin),Set(Atom(sbt.ScriptedPlugin)))
[debug] Clause(Atom(sbt.plugins.SemanticdbPlugin),Set(Atom(sbt.plugins.JvmPlugin)))
[debug] Clause(Atom(sbt.plugins.JUnitXmlReportPlugin),Set(Atom(sbt.plugins.JvmPlugin)))
[debug] Clause(Atom(sbt.plugins.MiniDependencyTreePlugin),Set(Atom(sbt.plugins.JvmPlugin)))
[debug] Clause(Atom(org.jetbrains.sbt.StructurePlugin),Set(Atom(sbt.plugins.JvmPlugin)))
[debug] Clause(Atom(org.jetbrains.sbt.IdeaShellPlugin),Set(Atom(sbt.plugins.JvmPlugin)))
[debug] Clause(Atom(org.jetbrains.sbt.indices.SbtIntellijIndicesPlugin),Set(Atom(sbt.plugins.JvmPlugin)))
[debug] Clause(Atom(sbt.plugins.CorePlugin),Set(Atom(sbt.plugins.IvyPlugin)))
[debug] Clause(Atom(sbt.plugins.IvyPlugin),Set(Atom(sbt.plugins.JvmPlugin)))
[debug] Clause(Atom(sbt.plugins.JvmPlugin),Set(Atom(sbt.plugins.SemanticdbPlugin)))
[debug] Clause(Atom(sbt.plugins.JvmPlugin),Set(Atom(sbt.plugins.JUnitXmlReportPlugin)))
[debug] Clause(Atom(sbt.plugins.CorePlugin),Set(Atom(sbt.plugins.Giter8TemplatePlugin)))
[debug] Clause(Atom(sbt.plugins.JvmPlugin),Set(Atom(sbt.plugins.MiniDependencyTreePlugin)))
[debug] Clause(Atom(sbt.plugins.JvmPlugin),Set(Atom(org.jetbrains.sbt.StructurePlugin)))
[debug] Clause(Atom(sbt.plugins.JvmPlugin),Set(Atom(org.jetbrains.sbt.IdeaShellPlugin)))
[debug] Clause(And(Set(Atom(sbt.plugins.CorePlugin), Atom(sbt.plugins.JvmPlugin))),Set(Atom(org.jetbrains.sbt.indices.SbtIntellijIndicesPlugin))))
[debug]   :: deduced result: Matched(sbt.plugins.CorePlugin,sbt.plugins.Giter8TemplatePlugin,sbt.plugins.IvyPlugin,sbt.plugins.JvmPlugin,sbt.plugins.SemanticdbPlugin,org.jetbrains.sbt.indices.SbtIntellijIndicesPlugin,sbt.plugins.JUnitXmlReportPlugin,org.jetbrains.sbt.IdeaShellPlugin,org.jetbrains.sbt.StructurePlugin,sbt.plugins.MiniDependencyTreePlugin)
[debug] Plugins.deducer#function took 8.6485 ms
[info] loading settings for project root from build.sbt...
[debug]         Load.resolveProject(root) took 58.3898ms
[debug]       Load.loadTransitive: finalizeProject(Project(id root, base: C:\Users\Admin\workspace_scala\newmachinelearningcsvandneo, plugins: List(<none>))) took 70.3304ms
[debug] [Loading] Done in C:\Users\Admin\workspace_scala\newmachinelearningcsvandneo, returning: (root)
[debug]     Load.loadUnit: loadedProjectsRaw took 4534.4636ms
[debug]     Load.loadUnit: cleanEvalClasses took 52.2264ms
[debug]   Load.loadUnit(file:/C:/Users/Admin/workspace_scala/newmachinelearningcsvandneo/, ...) took 12252.2905ms
[debug] Load.apply: load took 12283.7186ms
[debug] Load.apply: resolveProjects took 0.2785ms
[debug] Load.apply: finalTransforms took 53.8867ms
[debug] Load.apply: config.delegates took 0.5352ms
[debug] Load.apply: Def.make(settings)... took 241.9697ms
[debug] Load.apply: structureIndex took 49.0595ms
[debug] Load.apply: mkStreams took 0.0055ms
[info] set current project to newmachinelearningcsvandneo (in build file:/C:/Users/Admin/workspace_scala/newmachinelearningcsvandneo/)
[debug] > Exec(sbtPopOnFailure, None, None)
[debug] > Exec(resumeFromFailure, None, None)
[debug] > Exec(notifyUsersAboutShell, None, None)
[debug] > Exec(iflast shell, None, None)
[debug] > Exec(; set ideaPort in Global := 36145 ; idea-shell, None, None)
[debug] > Exec(set ideaPort in Global := 36145, None, None)
[info] Defining Global / ideaPort
[info] The new value will be used by Compile / compile, Test / compile
[debug] Defining 
[debug] 	Global / ideaPort
[debug] 
[debug] The new value will be used by 
[debug] 	Compile / compile
[debug] 	Test / compile
[info] Reapplying settings...
[info] set current project to newmachinelearningcsvandneo (in build file:/C:/Users/Admin/workspace_scala/newmachinelearningcsvandneo/)
[debug] > Exec(idea-shell, None, None)
